<?xml version="1.0" encoding="UTF-8"?>
<!-- Generated by org.testng.reporters.JUnitReportReporter -->
<testsuite hostname="DESKTOP-OAJVON3" failures="0" tests="1" name="com.hrm.qa.testcases.DashboardPageTest" time="10.410" errors="0" timestamp="2023-11-27T22:33:02 IST" skipped="0">
  <testcase classname="com.hrm.qa.testcases.DashboardPageTest" name="navigateLeaveRequestToApprove" time="10.410"/>
</testsuite> <!-- com.hrm.qa.testcases.DashboardPageTest -->
