<?xml version="1.0" encoding="UTF-8"?>
<!-- Generated by org.testng.reporters.JUnitReportReporter -->
<testsuite hostname="DESKTOP-OAJVON3" failures="0" tests="1" name="com.hrm.qa.testcases.LoginPageTest" time="10.438" errors="0" timestamp="2023-11-26T18:55:42 IST" skipped="0">
  <testcase classname="com.hrm.qa.testcases.LoginPageTest" name="loginCheck" time="10.438"/>
</testsuite> <!-- com.hrm.qa.testcases.LoginPageTest -->
