<?xml version="1.0" encoding="UTF-8"?>
<!-- Generated by org.testng.reporters.JUnitReportReporter -->
<testsuite hostname="DESKTOP-OAJVON3" failures="0" tests="1" name="com.hrm.qa.testcases.DashboardPageTest" time="7.138" errors="0" timestamp="2024-02-05T17:17:34 IST" skipped="0">
  <testcase classname="com.hrm.qa.testcases.DashboardPageTest" name="checkTimeAtWork" time="7.138"/>
</testsuite> <!-- com.hrm.qa.testcases.DashboardPageTest -->
